Arguments: 
  C:\Program Files\nodejs\node.exe C:\Program Files (x86)\Yarn\bin\yarn.js install

PATH: 
  C:\Users\tsuna\anaconda3;C:\Windows\system32;C:\Windows;C:\Windows\System32\Wbem;C:\Windows\System32\WindowsPowerShell\v1.0\;C:\Windows\System32\OpenSSH\;C:\Program Files\Git\cmd;C:\Users\tsuna\AppData\Roaming\nvm;C:\Program Files\nodejs;C:\Program Files (x86)\Yarn\bin\;C:\Program Files (x86)\Pulse Secure\VC142.CRT\X64\;C:\Program Files (x86)\Pulse Secure\VC142.CRT\X86\;C:\Program Files (x86)\Common Files\Pulse Secure\TNC Client Plugin\;C:\Users\tsuna\Downloads\chromedriver_win32;C:\Program Files\Go\bin;C:\Program Files\nodejs\;C:\Users\tsuna\AppData\Local\Programs\Python\Python310\Scripts;C:\ProgramData\chocolatey\bin;C:\Users\tsuna\anaconda3;C:\Users\tsuna\AppData\Local\Programs\Python\Python310\;C:\Users\tsuna\AppData\Local\Microsoft\WindowsApps;C:\Users\tsuna\AppData\Local\Programs\Microsoft VS Code\bin;C:\Users\tsuna\AppData\Local\GitHubDesktop\bin;C:\Users\tsuna\AppData\Roaming\nvm;C:\Program Files\nodejs;C:\Users\tsuna\AppData\Local\Yarn\bin;C:\Users\tsuna\Downloads\chromedriver_win32;C:\Users\tsuna\go\bin;C:\Users\tsuna\AppData\Roaming\npm;

Yarn version: 
  1.22.18

Node version: 
  16.15.1

Platform: 
  win32 x64

Trace: 
  Error: EPERM: operation not permitted, unlink 'C:\Users\tsuna\logoshot\logoshot-app\logoshot-app\node_modules\xdl\binaries\windows\adb\adb.exe'

npm manifest: 
  {
      "name": "loghoshot-frontend",
      "version": "1.0.0",
      "main": "node_modules/expo/AppEntry.js",
      "scripts": {
          "start": "expo start",
          "android": "expo start --android",
          "ios": "expo start --ios",
          "web": "expo start --web"
      },
      "dependencies": {
          "@react-native-async-storage/async-storage": "^1.17.10",
          "@react-native-community/checkbox": "^0.5.12",
          "@react-native-masked-view/masked-view": "0.2.6",
          "@react-native-picker/picker": "2.4.0",
          "@react-navigation/bottom-tabs": "^6.4.0",
          "@react-navigation/native": "^6.0.13",
          "@react-navigation/stack": "^6.3.0",
          "@reduxjs/toolkit": "^1.8.6",
          "@rneui/base": "github:react-native-elements/react-native-elements#base",
          "@rneui/themed": "^0.0.0-edge.2",
          "expo": "^45.0.0",
          "expo-cli": "^6.0.5",
          "expo-facebook": "~12.2.0",
          "expo-image-picker": "~13.1.1",
          "expo-status-bar": "~1.3.0",
          "expo-updates": "~0.13.4",
          "react": "17.0.2",
          "react-dom": "17.0.2",
          "react-native": "0.68.2",
          "react-native-axios": "^0.17.1",
          "react-native-elements": "^3.4.2",
          "react-native-gesture-handler": "~2.2.1",
          "react-native-keyboard-aware-scroll-view": "^0.9.5",
          "react-native-paper": "^4.12.4",
          "react-native-picker-select": "^8.0.4",
          "react-native-reanimated": "~2.8.0",
          "react-native-safe-area-context": "4.2.4",
          "react-native-screens": "~3.11.1",
          "react-native-tab-view": "2.14.2",
          "react-native-vector-icons": "^9.2.0",
          "react-native-web": "0.17.7",
          "react-redux": "^8.0.4",
          "redux": "^4.2.0",
          "rxjs": "^7.5.6"
      },
      "devDependencies": {
          "@babel/core": "^7.12.9",
          "@babel/plugin-proposal-class-properties": "^7.18.6",
          "customize-cra": "^1.0.0",
          "react-app-rewired": "^2.2.1"
      },
      "config-overrides-path": "node_modules/some-preconfigured-rewire",
      "private": true
  }

yarn manifest: 
  No manifest

Lockfile: 
  No lockfile
